<!DOCTYPE html>
<html lang="es">





<head>
  <meta property="og:url" content="https://imlauera.github.io/bisq2_arch/">
  <meta property="og:site_name" content="Imlauer">
  <meta property="og:title" content="Bisq2 en Arch">
  <meta property="og:description" content="yay -S bisq2 me da este eroror: Falla porque necesitas la versión 21 de jdk podes mirar la versión en uso con archlinux-java status
Configuring project user &gt; Configure project :daemon daemon does not have a Java component, skipping FAILURE: Build failed with an exception. * What went wrong: BUG! exception in phase &#39;semantic analysis&#39; in source unit &#39;_BuildScript_&#39; Unsupported class file major version 68 &gt; Unsupported class file major version 68 * Try: &gt; Run with --stacktrace option to get the stack trace. &gt; Run with --info or --debug option to get more log output. &gt; Run with --scan to get full insights. &gt; Get more help at https://help.gradle.org. BUILD FAILED in 10m 23s 64 actionable tasks: 64 executed ==&gt; ERROR: A failure occurred in build(). Aborting... -&gt; error making: bisq2-exit status 4 -&gt; Failed to install the following packages. Manual intervention is required: bisq2 - exit status 4 Así que tuve que instalar yay -S jdk21-openjdk y ejecutar sudo archlinux-java set java-21-openjdk. Logré instalar el paquete bisq2.">
  <meta property="og:locale" content="es_es">
  <meta property="og:type" content="article">
    <meta property="article:published_time" content="2025-06-01T19:20:38-03:00">
    <meta property="article:modified_time" content="2025-06-01T19:20:38-03:00">
    <meta property="article:tag" content="Bitcoin">

  
  <meta itemprop="name" content="Bisq2 en Arch">
  <meta itemprop="description" content="yay -S bisq2 me da este eroror: Falla porque necesitas la versión 21 de jdk podes mirar la versión en uso con archlinux-java status
Configuring project user &gt; Configure project :daemon daemon does not have a Java component, skipping FAILURE: Build failed with an exception. * What went wrong: BUG! exception in phase &#39;semantic analysis&#39; in source unit &#39;_BuildScript_&#39; Unsupported class file major version 68 &gt; Unsupported class file major version 68 * Try: &gt; Run with --stacktrace option to get the stack trace. &gt; Run with --info or --debug option to get more log output. &gt; Run with --scan to get full insights. &gt; Get more help at https://help.gradle.org. BUILD FAILED in 10m 23s 64 actionable tasks: 64 executed ==&gt; ERROR: A failure occurred in build(). Aborting... -&gt; error making: bisq2-exit status 4 -&gt; Failed to install the following packages. Manual intervention is required: bisq2 - exit status 4 Así que tuve que instalar yay -S jdk21-openjdk y ejecutar sudo archlinux-java set java-21-openjdk. Logré instalar el paquete bisq2.">
  <meta itemprop="datePublished" content="2025-06-01T19:20:38-03:00">
  <meta itemprop="dateModified" content="2025-06-01T19:20:38-03:00">
  <meta itemprop="wordCount" content="169">
  <meta itemprop="keywords" content="Bitcoin">
  
  <meta name="twitter:card" content="summary">
  <meta name="twitter:title" content="Bisq2 en Arch">
  <meta name="twitter:description" content="yay -S bisq2 me da este eroror: Falla porque necesitas la versión 21 de jdk podes mirar la versión en uso con archlinux-java status
Configuring project user &gt; Configure project :daemon daemon does not have a Java component, skipping FAILURE: Build failed with an exception. * What went wrong: BUG! exception in phase &#39;semantic analysis&#39; in source unit &#39;_BuildScript_&#39; Unsupported class file major version 68 &gt; Unsupported class file major version 68 * Try: &gt; Run with --stacktrace option to get the stack trace. &gt; Run with --info or --debug option to get more log output. &gt; Run with --scan to get full insights. &gt; Get more help at https://help.gradle.org. BUILD FAILED in 10m 23s 64 actionable tasks: 64 executed ==&gt; ERROR: A failure occurred in build(). Aborting... -&gt; error making: bisq2-exit status 4 -&gt; Failed to install the following packages. Manual intervention is required: bisq2 - exit status 4 Así que tuve que instalar yay -S jdk21-openjdk y ejecutar sudo archlinux-java set java-21-openjdk. Logré instalar el paquete bisq2.">

  <meta charset="utf-8">
  <meta name="viewport" content="width=device-width, initial-scale=1">
  <title>
    
    Bisq2 en Arch
    
  </title>
  <link rel="stylesheet" href='https://imlauera.github.io/css/site.min.css'>
  <link rel="canonical" href="https://imlauera.github.io/bisq2_arch/">
  <link rel="alternate" type="application/rss&#43;xml" href="https://imlauera.github.io/index.xml" title="Imlauer">
  <meta http-equiv="X-UA-Compatible" content="chrome=1">
  <meta name="HandheldFriendly" content="True">
  <meta name="MobileOptimized" content="320">
  <meta name="viewport" content="width=device-width, initial-scale=1.0">
  <meta name="referrer" content="no-referrer">
  <meta name="author" content="Imlauer.">
  <meta name="description" content="yay -S bisq2 me da este eroror: Falla porque necesitas la versión 21 de jdk podes mirar la versión en uso con archlinux-java status
Configuring project user

&gt; Configure project :daemon
daemon does not have a Java component, skipping

FAILURE: Build failed with an exception.

* What went wrong:
BUG! exception in phase &#39;semantic analysis&#39; in source unit &#39;_BuildScript_&#39; Unsupported class file major version 68
&gt; Unsupported class file major version 68

* Try:
&gt; Run with --stacktrace option to get the stack trace.
&gt; Run with --info or --debug option to get more log output.
&gt; Run with --scan to get full insights.
&gt; Get more help at https://help.gradle.org.

BUILD FAILED in 10m 23s
64 actionable tasks: 64 executed
==&gt; ERROR: A failure occurred in build().
    Aborting...
 -&gt; error making: bisq2-exit status 4
 -&gt; Failed to install the following packages. Manual intervention is required:
bisq2 - exit status 4
Así que tuve que instalar yay -S jdk21-openjdk y ejecutar sudo archlinux-java set java-21-openjdk. Logré instalar el paquete bisq2.">
</head>
<body><nav class="navbar is-transparent " role="navigation" aria-label="main navigation">
  <div class="navbar-brand">
    <a class="navbar-item" href="https://imlauera.github.io/">
      <figure class="image">
        <img alt="" class="is-rounded" src="/img/memememe.jpg">
      </figure>
    </a>
    <a class="navbar-item" href="https://imlauera.github.io/">
      Imlauer
    </a>
    <a class="navbar-item" href="/acerca/">
      Acerca de Mi
    </a>
  </div>
  
  
</nav>

  <section>
    <section class='hero is-small is-link is-fullwidth'>
      <div class="hero-body">
<div class="container">
  <h1 class="title">
    Bisq2 en Arch
  </h1>
  <h2 class="subtitle">
    <time datetime='2025-06-01T19:20:38-03:00'>
      June 01, 2025
    </time>
    
    <br>
    
    
    
    <a class="tag is-info" href="https://imlauera.github.io/tags/bitcoin/">Bitcoin</a>
    
    
    
  </h2>
</div>

      </div>
    </section>
    <section class="section">
      <div class="container">
<div class="content is-medium">
  <p><code>yay -S bisq2</code> me da este eroror: <strong>Falla porque necesitas la versión 21 de jdk</strong> podes mirar la versión en uso con <code>archlinux-java status</code></p>
<div class="highlight"><pre tabindex="0" style="color:#f8f8f2;background-color:#272822;-moz-tab-size:4;-o-tab-size:4;tab-size:4;"><code class="language-console" data-lang="console"><span style="display:flex;"><span>Configuring project user
</span></span><span style="display:flex;"><span><span style="color:#960050;background-color:#1e0010">
</span></span></span><span style="display:flex;"><span><span style="color:#960050;background-color:#1e0010"></span>&gt; Configure project :daemon
</span></span><span style="display:flex;"><span>daemon does not have a Java component, skipping
</span></span><span style="display:flex;"><span><span style="color:#960050;background-color:#1e0010">
</span></span></span><span style="display:flex;"><span><span style="color:#960050;background-color:#1e0010"></span>FAILURE: Build failed with an exception.
</span></span><span style="display:flex;"><span><span style="color:#960050;background-color:#1e0010">
</span></span></span><span style="display:flex;"><span><span style="color:#960050;background-color:#1e0010"></span>* What went wrong:
</span></span><span style="display:flex;"><span>BUG! exception in phase &#39;semantic analysis&#39; in source unit &#39;_BuildScript_&#39; Unsupported class file major version 68
</span></span><span style="display:flex;"><span>&gt; Unsupported class file major version <span style="color:#ae81ff">68</span>
</span></span><span style="display:flex;"><span><span style="color:#960050;background-color:#1e0010">
</span></span></span><span style="display:flex;"><span><span style="color:#960050;background-color:#1e0010"></span>* Try:
</span></span><span style="display:flex;"><span>&gt; Run with --stacktrace option to get the stack trace.
</span></span><span style="display:flex;"><span>&gt; Run with --info or --debug option to get more log output.
</span></span><span style="display:flex;"><span>&gt; Run with --scan to get full insights.
</span></span><span style="display:flex;"><span>&gt; Get more help at https://help.gradle.org.
</span></span><span style="display:flex;"><span><span style="color:#960050;background-color:#1e0010">
</span></span></span><span style="display:flex;"><span><span style="color:#960050;background-color:#1e0010"></span>BUILD FAILED in 10m 23s
</span></span><span style="display:flex;"><span>64 actionable tasks: 64 executed
</span></span><span style="display:flex;"><span>==&gt; ERROR: A failure occurred in build().
</span></span><span style="display:flex;"><span>    Aborting...
</span></span><span style="display:flex;"><span> -&gt; error making: bisq2-exit status 4
</span></span><span style="display:flex;"><span> -&gt; Failed to install the following packages. Manual intervention is required:
</span></span><span style="display:flex;"><span>bisq2 - exit status 4
</span></span></code></pre></div><p>Así que tuve que instalar <code>yay -S jdk21-openjdk</code> y ejecutar <code>sudo archlinux-java set java-21-openjdk</code>. Logré instalar el paquete bisq2.</p>

</div>


      </div>
    </section>
  </section><script 
src="/quiz/quizdown.js">
</script>
<script 
src="/quiz/quizdownKatex.js">
</script>
<script 
src="/quiz/quizdownHighlight.js">
</script>
<script>quizdown.register(quizdownHighlight).register(quizdownKatex).init()</script> 
<footer class="footer">
  <div class="content has-text-centered">
    
    
    <p>
      
      <a class="" href="https://imlauera.github.io/index.xml" target="_blank">
        <span>
          RSS
        </span>
      </a>
      
      | <a href="https://imlauera.github.io" target="_blank">Andres Imlauer.</a> 

      
      
    </p>
    
  </div>




<script type="text/javascript"
  src="https://cdnjs.cloudflare.com/ajax/libs/mathjax/2.7.9/MathJax.js?config=TeX-AMS-MML_HTMLorMML">
  </script>
<script type="text/x-mathjax-config">
  MathJax.Hub.Config({ tex2jax: {inlineMath: [["$","$"],["\\(","\\)"]]} })
</script>
</footer>


</body>
</html>
